<?xml version="1.0" encoding="UTF-8"?>
<!-- Generated by org.testng.reporters.JUnitXMLReporter -->
<testsuite hostname="sourceandroid" ignored="0" name="Default test" tests="3" failures="0" timestamp="28 Jun 2019 10:13:14 GMT" time="60.79" errors="0">
  <testcase name="verifyLoginPageTitle" time="0.006" classname="com.qa.tests.LoginTest"/>
  <testcase name="verifyLoginLink" time="4.135" classname="com.qa.tests.LoginTest"/>
  <testcase name="verifyLogin" time="10.808" classname="com.qa.tests.LoginTest"/>
</testsuite> <!-- Default test -->
