<?xml version="1.0" encoding="UTF-8"?>
<!-- Generated by org.testng.reporters.JUnitXMLReporter -->
<testsuite hostname="sourceandroid" ignored="0" name="Test" tests="5" failures="0" timestamp="04 Jun 2019 11:02:02 GMT" time="98.964" errors="0">
  <testcase name="verifyLoginPageTitle" time="0.013" classname="com.qa.tests.LoginTest"/>
  <testcase name="virfySellYourCarLink" time="2.102" classname="com.qa.tests.HomeTest"/>
  <testcase name="verifyLoginLink" time="4.121" classname="com.qa.tests.LoginTest"/>
  <testcase name="verifyLogin" time="6.583" classname="com.qa.tests.HomeTest"/>
  <testcase name="verifyLogin" time="9.899" classname="com.qa.tests.LoginTest"/>
</testsuite> <!-- Test -->
