<?xml version="1.0" encoding="UTF-8"?>
<testng-results skipped="0" failed="0" ignored="0" total="1" passed="1">
  <reporter-output>
  </reporter-output>
  <suite name="Default suite" duration-ms="63438" started-at="2019-06-14T15:23:46Z" finished-at="2019-06-14T15:24:49Z">
    <groups>
    </groups>
    <test name="Default test" duration-ms="63438" started-at="2019-06-14T15:23:46Z" finished-at="2019-06-14T15:24:49Z">
      <class name="com.qa.tests.DashboardTest">
        <test-method status="PASS" signature="setUP()[pri:0, instance:com.qa.tests.DashboardTest@3e6fa38a]" name="setUP" is-config="true" duration-ms="13860" started-at="2019-06-14T20:53:46Z" finished-at="2019-06-14T20:54:00Z">
          <reporter-output>
          </reporter-output>
        </test-method> <!-- setUP -->
        <test-method status="PASS" signature="verifyEditBtn()[pri:1, instance:com.qa.tests.DashboardTest@3e6fa38a]" name="verifyEditBtn" duration-ms="49558" started-at="2019-06-14T20:54:00Z" finished-at="2019-06-14T20:54:49Z">
          <reporter-output>
          </reporter-output>
        </test-method> <!-- verifyEditBtn -->
      </class> <!-- com.qa.tests.DashboardTest -->
    </test> <!-- Default test -->
  </suite> <!-- Default suite -->
</testng-results>
